{"/home/sunil/Desktop/Builder/design/src/App.js": {"path":"/home/sunil/Desktop/Builder/design/src/App.js","statementMap":{"0":{"start":{"line":15,"column":2},"end":{"line":31,"column":4}}},"fnMap":{"0":{"name":"App","decl":{"start":{"line":14,"column":9},"end":{"line":14,"column":12}},"loc":{"start":{"line":14,"column":15},"end":{"line":32,"column":1}},"line":14}},"branchMap":{},"s":{"0":0},"f":{"0":0},"b":{}}
,"/home/sunil/Desktop/Builder/design/src/index.js": {"path":"/home/sunil/Desktop/Builder/design/src/index.js","statementMap":{"0":{"start":{"line":7,"column":13},"end":{"line":7,"column":65}},"1":{"start":{"line":8,"column":0},"end":{"line":12,"column":2}},"2":{"start":{"line":14,"column":0},"end":{"line":14,"column":18}}},"fnMap":{},"branchMap":{},"s":{"0":0,"1":0,"2":0},"f":{},"b":{}}
,"/home/sunil/Desktop/Builder/design/src/reportWebVitals.js": {"path":"/home/sunil/Desktop/Builder/design/src/reportWebVitals.js","statementMap":{"0":{"start":{"line":1,"column":24},"end":{"line":11,"column":1}},"1":{"start":{"line":2,"column":2},"end":{"line":10,"column":3}},"2":{"start":{"line":3,"column":4},"end":{"line":9,"column":7}},"3":{"start":{"line":4,"column":6},"end":{"line":4,"column":26}},"4":{"start":{"line":5,"column":6},"end":{"line":5,"column":26}},"5":{"start":{"line":6,"column":6},"end":{"line":6,"column":26}},"6":{"start":{"line":7,"column":6},"end":{"line":7,"column":26}},"7":{"start":{"line":8,"column":6},"end":{"line":8,"column":27}}},"fnMap":{"0":{"name":"(anonymous_0)","decl":{"start":{"line":1,"column":24},"end":{"line":1,"column":25}},"loc":{"start":{"line":1,"column":39},"end":{"line":11,"column":1}},"line":1},"1":{"name":"(anonymous_1)","decl":{"start":{"line":3,"column":30},"end":{"line":3,"column":31}},"loc":{"start":{"line":3,"column":79},"end":{"line":9,"column":5}},"line":3}},"branchMap":{"0":{"loc":{"start":{"line":2,"column":2},"end":{"line":10,"column":3}},"type":"if","locations":[{"start":{"line":2,"column":2},"end":{"line":10,"column":3}},{"start":{},"end":{}}],"line":2},"1":{"loc":{"start":{"line":2,"column":6},"end":{"line":2,"column":52}},"type":"binary-expr","locations":[{"start":{"line":2,"column":6},"end":{"line":2,"column":17}},{"start":{"line":2,"column":21},"end":{"line":2,"column":52}}],"line":2}},"s":{"0":0,"1":0,"2":0,"3":0,"4":0,"5":0,"6":0,"7":0},"f":{"0":0,"1":0},"b":{"0":[0,0],"1":[0,0]}}
,"/home/sunil/Desktop/Builder/design/src/component/ArshandTable.jsx": {"path":"/home/sunil/Desktop/Builder/design/src/component/ArshandTable.jsx","statementMap":{"0":{"start":{"line":55,"column":16},"end":{"line":70,"column":1}},"1":{"start":{"line":73,"column":19},"end":{"line":73,"column":27}},"2":{"start":{"line":74,"column":2},"end":{"line":74,"column":52}},"3":{"start":{"line":76,"column":13},"end":{"line":92,"column":1}},"4":{"start":{"line":96,"column":2},"end":{"line":134,"column":4}},"5":{"start":{"line":103,"column":16},"end":{"line":109,"column":28}},"6":{"start":{"line":116,"column":14},"end":{"line":127,"column":16}},"7":{"start":{"line":119,"column":34},"end":{"line":119,"column":48}},"8":{"start":{"line":120,"column":20},"end":{"line":124,"column":22}}},"fnMap":{"0":{"name":"createData","decl":{"start":{"line":72,"column":9},"end":{"line":72,"column":19}},"loc":{"start":{"line":72,"column":50},"end":{"line":75,"column":1}},"line":72},"1":{"name":"StickyHeadTable","decl":{"start":{"line":95,"column":24},"end":{"line":95,"column":39}},"loc":{"start":{"line":95,"column":42},"end":{"line":135,"column":1}},"line":95},"2":{"name":"(anonymous_2)","decl":{"start":{"line":102,"column":27},"end":{"line":102,"column":28}},"loc":{"start":{"line":103,"column":16},"end":{"line":109,"column":28}},"line":103},"3":{"name":"(anonymous_3)","decl":{"start":{"line":115,"column":22},"end":{"line":115,"column":23}},"loc":{"start":{"line":115,"column":31},"end":{"line":128,"column":13}},"line":115},"4":{"name":"(anonymous_4)","decl":{"start":{"line":118,"column":31},"end":{"line":118,"column":32}},"loc":{"start":{"line":118,"column":43},"end":{"line":125,"column":19}},"line":118}},"branchMap":{"0":{"loc":{"start":{"line":122,"column":25},"end":{"line":122,"column":98}},"type":"cond-expr","locations":[{"start":{"line":122,"column":70},"end":{"line":122,"column":90}},{"start":{"line":122,"column":93},"end":{"line":122,"column":98}}],"line":122},"1":{"loc":{"start":{"line":122,"column":25},"end":{"line":122,"column":67}},"type":"binary-expr","locations":[{"start":{"line":122,"column":25},"end":{"line":122,"column":38}},{"start":{"line":122,"column":42},"end":{"line":122,"column":67}}],"line":122}},"s":{"0":0,"1":0,"2":0,"3":0,"4":0,"5":0,"6":0,"7":0,"8":0},"f":{"0":0,"1":0,"2":0,"3":0,"4":0},"b":{"0":[0,0],"1":[0,0]}}
,"/home/sunil/Desktop/Builder/design/src/component/DragAndDrop.jsx": {"path":"/home/sunil/Desktop/Builder/design/src/component/DragAndDrop.jsx","statementMap":{"0":{"start":{"line":7,"column":4},"end":{"line":7,"column":17}},"1":{"start":{"line":8,"column":4},"end":{"line":14,"column":5}},"2":{"start":{"line":16,"column":17},"end":{"line":20,"column":3}},"3":{"start":{"line":17,"column":25},"end":{"line":17,"column":47}},"4":{"start":{"line":18,"column":4},"end":{"line":18,"column":81}},"5":{"start":{"line":19,"column":4},"end":{"line":19,"column":43}},"6":{"start":{"line":22,"column":17},"end":{"line":27,"column":3}},"7":{"start":{"line":23,"column":4},"end":{"line":25,"column":5}},"8":{"start":{"line":24,"column":6},"end":{"line":24,"column":79}},"9":{"start":{"line":26,"column":4},"end":{"line":26,"column":31}},"10":{"start":{"line":29,"column":17},"end":{"line":32,"column":3}},"11":{"start":{"line":30,"column":4},"end":{"line":30,"column":24}},"12":{"start":{"line":31,"column":4},"end":{"line":31,"column":23}},"13":{"start":{"line":34,"column":17},"end":{"line":37,"column":3}},"14":{"start":{"line":35,"column":5},"end":{"line":35,"column":24}},"15":{"start":{"line":36,"column":4},"end":{"line":36,"column":41}},"16":{"start":{"line":38,"column":17},"end":{"line":40,"column":3}},"17":{"start":{"line":39,"column":4},"end":{"line":39,"column":42}},"18":{"start":{"line":41,"column":16},"end":{"line":45,"column":3}},"19":{"start":{"line":42,"column":4},"end":{"line":42,"column":25}},"20":{"start":{"line":43,"column":4},"end":{"line":43,"column":74}},"21":{"start":{"line":44,"column":4},"end":{"line":44,"column":54}},"22":{"start":{"line":46,"column":16},"end":{"line":51,"column":3}},"23":{"start":{"line":48,"column":4},"end":{"line":48,"column":23}},"24":{"start":{"line":49,"column":4},"end":{"line":49,"column":76}},"25":{"start":{"line":50,"column":4},"end":{"line":50,"column":54}},"26":{"start":{"line":52,"column":15},"end":{"line":60,"column":3}},"27":{"start":{"line":54,"column":4},"end":{"line":54,"column":23}},"28":{"start":{"line":56,"column":4},"end":{"line":56,"column":74}},"29":{"start":{"line":57,"column":4},"end":{"line":57,"column":55}},"30":{"start":{"line":58,"column":4},"end":{"line":58,"column":62}},"31":{"start":{"line":61,"column":11},"end":{"line":69,"column":3}},"32":{"start":{"line":62,"column":4},"end":{"line":62,"column":25}},"33":{"start":{"line":63,"column":4},"end":{"line":63,"column":76}},"34":{"start":{"line":64,"column":4},"end":{"line":67,"column":6}},"35":{"start":{"line":65,"column":6},"end":{"line":65,"column":81}},"36":{"start":{"line":66,"column":6},"end":{"line":66,"column":53}},"37":{"start":{"line":68,"column":4},"end":{"line":68,"column":25}},"38":{"start":{"line":72,"column":4},"end":{"line":93,"column":6}}},"fnMap":{"0":{"name":"(anonymous_0)","decl":{"start":{"line":6,"column":2},"end":{"line":6,"column":3}},"loc":{"start":{"line":6,"column":21},"end":{"line":15,"column":3}},"line":6},"1":{"name":"(anonymous_1)","decl":{"start":{"line":16,"column":17},"end":{"line":16,"column":18}},"loc":{"start":{"line":16,"column":28},"end":{"line":20,"column":3}},"line":16},"2":{"name":"(anonymous_2)","decl":{"start":{"line":22,"column":17},"end":{"line":22,"column":18}},"loc":{"start":{"line":22,"column":28},"end":{"line":27,"column":3}},"line":22},"3":{"name":"(anonymous_3)","decl":{"start":{"line":29,"column":17},"end":{"line":29,"column":18}},"loc":{"start":{"line":29,"column":24},"end":{"line":32,"column":3}},"line":29},"4":{"name":"(anonymous_4)","decl":{"start":{"line":34,"column":17},"end":{"line":34,"column":18}},"loc":{"start":{"line":34,"column":24},"end":{"line":37,"column":3}},"line":34},"5":{"name":"(anonymous_5)","decl":{"start":{"line":38,"column":17},"end":{"line":38,"column":18}},"loc":{"start":{"line":38,"column":23},"end":{"line":40,"column":3}},"line":38},"6":{"name":"(anonymous_6)","decl":{"start":{"line":41,"column":16},"end":{"line":41,"column":17}},"loc":{"start":{"line":41,"column":23},"end":{"line":45,"column":3}},"line":41},"7":{"name":"(anonymous_7)","decl":{"start":{"line":46,"column":16},"end":{"line":46,"column":17}},"loc":{"start":{"line":46,"column":23},"end":{"line":51,"column":3}},"line":46},"8":{"name":"(anonymous_8)","decl":{"start":{"line":52,"column":15},"end":{"line":52,"column":16}},"loc":{"start":{"line":52,"column":22},"end":{"line":60,"column":3}},"line":52},"9":{"name":"(anonymous_9)","decl":{"start":{"line":61,"column":11},"end":{"line":61,"column":12}},"loc":{"start":{"line":61,"column":18},"end":{"line":69,"column":3}},"line":61},"10":{"name":"(anonymous_10)","decl":{"start":{"line":71,"column":2},"end":{"line":71,"column":3}},"loc":{"start":{"line":71,"column":11},"end":{"line":94,"column":3}},"line":71}},"branchMap":{"0":{"loc":{"start":{"line":23,"column":4},"end":{"line":25,"column":5}},"type":"if","locations":[{"start":{"line":23,"column":4},"end":{"line":25,"column":5}},{"start":{},"end":{}}],"line":23},"1":{"loc":{"start":{"line":23,"column":8},"end":{"line":23,"column":57}},"type":"binary-expr","locations":[{"start":{"line":23,"column":8},"end":{"line":23,"column":31}},{"start":{"line":23,"column":35},"end":{"line":23,"column":57}}],"line":23},"2":{"loc":{"start":{"line":64,"column":4},"end":{"line":67,"column":6}},"type":"if","locations":[{"start":{"line":64,"column":4},"end":{"line":67,"column":6}},{"start":{},"end":{}}],"line":64},"3":{"loc":{"start":{"line":64,"column":8},"end":{"line":64,"column":59}},"type":"binary-expr","locations":[{"start":{"line":64,"column":8},"end":{"line":64,"column":31}},{"start":{"line":64,"column":35},"end":{"line":64,"column":59}}],"line":64},"4":{"loc":{"start":{"line":80,"column":13},"end":{"line":89,"column":13}},"type":"binary-expr","locations":[{"start":{"line":80,"column":14},"end":{"line":80,"column":37}},{"start":{"line":80,"column":41},"end":{"line":80,"column":62}},{"start":{"line":80,"column":66},"end":{"line":80,"column":88}},{"start":{"line":81,"column":14},"end":{"line":88,"column":20}}],"line":80},"5":{"loc":{"start":{"line":84,"column":19},"end":{"line":86,"column":42}},"type":"cond-expr","locations":[{"start":{"line":85,"column":22},"end":{"line":85,"column":72}},{"start":{"line":86,"column":22},"end":{"line":86,"column":42}}],"line":84}},"s":{"0":0,"1":0,"2":0,"3":0,"4":0,"5":0,"6":0,"7":0,"8":0,"9":0,"10":0,"11":0,"12":0,"13":0,"14":0,"15":0,"16":0,"17":0,"18":0,"19":0,"20":0,"21":0,"22":0,"23":0,"24":0,"25":0,"26":0,"27":0,"28":0,"29":0,"30":0,"31":0,"32":0,"33":0,"34":0,"35":0,"36":0,"37":0,"38":0},"f":{"0":0,"1":0,"2":0,"3":0,"4":0,"5":0,"6":0,"7":0,"8":0,"9":0,"10":0},"b":{"0":[0,0],"1":[0,0],"2":[0,0],"3":[0,0],"4":[0,0,0,0],"5":[0,0]}}
,"/home/sunil/Desktop/Builder/design/src/component/DragDrop.jsx": {"path":"/home/sunil/Desktop/Builder/design/src/component/DragDrop.jsx","statementMap":{"0":{"start":{"line":7,"column":28},"end":{"line":17,"column":2}},"1":{"start":{"line":21,"column":4},"end":{"line":21,"column":11}},"2":{"start":{"line":23,"column":4},"end":{"line":23,"column":42}},"3":{"start":{"line":24,"column":4},"end":{"line":28,"column":5}},"4":{"start":{"line":31,"column":20},"end":{"line":36,"column":3}},"5":{"start":{"line":32,"column":4},"end":{"line":32,"column":23}},"6":{"start":{"line":33,"column":4},"end":{"line":35,"column":6}},"7":{"start":{"line":37,"column":20},"end":{"line":42,"column":3}},"8":{"start":{"line":38,"column":4},"end":{"line":38,"column":23}},"9":{"start":{"line":39,"column":4},"end":{"line":41,"column":6}},"10":{"start":{"line":43,"column":19},"end":{"line":48,"column":3}},"11":{"start":{"line":44,"column":4},"end":{"line":44,"column":23}},"12":{"start":{"line":45,"column":4},"end":{"line":47,"column":6}},"13":{"start":{"line":49,"column":15},"end":{"line":57,"column":3}},"14":{"start":{"line":50,"column":4},"end":{"line":50,"column":23}},"15":{"start":{"line":51,"column":4},"end":{"line":53,"column":6}},"16":{"start":{"line":54,"column":25},"end":{"line":54,"column":45}},"17":{"start":{"line":55,"column":4},"end":{"line":55,"column":35}},"18":{"start":{"line":56,"column":4},"end":{"line":56,"column":41}},"19":{"start":{"line":58,"column":20},"end":{"line":68,"column":3}},"20":{"start":{"line":59,"column":19},"end":{"line":59,"column":35}},"21":{"start":{"line":60,"column":4},"end":{"line":64,"column":6}},"22":{"start":{"line":61,"column":6},"end":{"line":63,"column":9}},"23":{"start":{"line":65,"column":4},"end":{"line":67,"column":5}},"24":{"start":{"line":66,"column":6},"end":{"line":66,"column":33}},"25":{"start":{"line":69,"column":26},"end":{"line":74,"column":3}},"26":{"start":{"line":70,"column":17},"end":{"line":70,"column":34}},"27":{"start":{"line":71,"column":26},"end":{"line":71,"column":40}},"28":{"start":{"line":72,"column":4},"end":{"line":72,"column":36}},"29":{"start":{"line":73,"column":4},"end":{"line":73,"column":30}},"30":{"start":{"line":75,"column":16},"end":{"line":84,"column":3}},"31":{"start":{"line":76,"column":4},"end":{"line":83,"column":5}},"32":{"start":{"line":76,"column":17},"end":{"line":76,"column":18}},"33":{"start":{"line":77,"column":19},"end":{"line":77,"column":27}},"34":{"start":{"line":78,"column":6},"end":{"line":78,"column":42}},"35":{"start":{"line":79,"column":6},"end":{"line":82,"column":8}},"36":{"start":{"line":85,"column":28},"end":{"line":89,"column":3}},"37":{"start":{"line":86,"column":4},"end":{"line":88,"column":5}},"38":{"start":{"line":87,"column":6},"end":{"line":87,"column":40}},"39":{"start":{"line":90,"column":16},"end":{"line":95,"column":3}},"40":{"start":{"line":91,"column":4},"end":{"line":94,"column":7}},"41":{"start":{"line":97,"column":45},"end":{"line":97,"column":55}},"42":{"start":{"line":98,"column":4},"end":{"line":126,"column":6}}},"fnMap":{"0":{"name":"(anonymous_0)","decl":{"start":{"line":20,"column":2},"end":{"line":20,"column":3}},"loc":{"start":{"line":20,"column":16},"end":{"line":29,"column":3}},"line":20},"1":{"name":"(anonymous_1)","decl":{"start":{"line":31,"column":20},"end":{"line":31,"column":21}},"loc":{"start":{"line":31,"column":27},"end":{"line":36,"column":3}},"line":31},"2":{"name":"(anonymous_2)","decl":{"start":{"line":37,"column":20},"end":{"line":37,"column":21}},"loc":{"start":{"line":37,"column":27},"end":{"line":42,"column":3}},"line":37},"3":{"name":"(anonymous_3)","decl":{"start":{"line":43,"column":19},"end":{"line":43,"column":20}},"loc":{"start":{"line":43,"column":26},"end":{"line":48,"column":3}},"line":43},"4":{"name":"(anonymous_4)","decl":{"start":{"line":49,"column":15},"end":{"line":49,"column":16}},"loc":{"start":{"line":49,"column":22},"end":{"line":57,"column":3}},"line":49},"5":{"name":"(anonymous_5)","decl":{"start":{"line":58,"column":20},"end":{"line":58,"column":21}},"loc":{"start":{"line":58,"column":30},"end":{"line":68,"column":3}},"line":58},"6":{"name":"(anonymous_6)","decl":{"start":{"line":60,"column":23},"end":{"line":60,"column":24}},"loc":{"start":{"line":60,"column":29},"end":{"line":64,"column":5}},"line":60},"7":{"name":"(anonymous_7)","decl":{"start":{"line":69,"column":26},"end":{"line":69,"column":27}},"loc":{"start":{"line":69,"column":33},"end":{"line":74,"column":3}},"line":69},"8":{"name":"(anonymous_8)","decl":{"start":{"line":75,"column":16},"end":{"line":75,"column":17}},"loc":{"start":{"line":75,"column":27},"end":{"line":84,"column":3}},"line":75},"9":{"name":"(anonymous_9)","decl":{"start":{"line":85,"column":28},"end":{"line":85,"column":29}},"loc":{"start":{"line":85,"column":34},"end":{"line":89,"column":3}},"line":85},"10":{"name":"(anonymous_10)","decl":{"start":{"line":90,"column":16},"end":{"line":90,"column":17}},"loc":{"start":{"line":90,"column":22},"end":{"line":95,"column":3}},"line":90},"11":{"name":"(anonymous_11)","decl":{"start":{"line":96,"column":2},"end":{"line":96,"column":3}},"loc":{"start":{"line":96,"column":11},"end":{"line":127,"column":3}},"line":96}},"branchMap":{"0":{"loc":{"start":{"line":65,"column":4},"end":{"line":67,"column":5}},"type":"if","locations":[{"start":{"line":65,"column":4},"end":{"line":67,"column":5}},{"start":{},"end":{}}],"line":65},"1":{"loc":{"start":{"line":86,"column":4},"end":{"line":88,"column":5}},"type":"if","locations":[{"start":{"line":86,"column":4},"end":{"line":88,"column":5}},{"start":{},"end":{}}],"line":86},"2":{"loc":{"start":{"line":106,"column":21},"end":{"line":106,"column":57}},"type":"cond-expr","locations":[{"start":{"line":106,"column":32},"end":{"line":106,"column":43}},{"start":{"line":106,"column":46},"end":{"line":106,"column":57}}],"line":106},"3":{"loc":{"start":{"line":110,"column":38},"end":{"line":110,"column":69}},"type":"cond-expr","locations":[{"start":{"line":110,"column":51},"end":{"line":110,"column":57}},{"start":{"line":110,"column":60},"end":{"line":110,"column":69}}],"line":110},"4":{"loc":{"start":{"line":121,"column":9},"end":{"line":124,"column":14}},"type":"binary-expr","locations":[{"start":{"line":121,"column":9},"end":{"line":121,"column":17}},{"start":{"line":121,"column":21},"end":{"line":124,"column":14}}],"line":121}},"s":{"0":0,"1":0,"2":0,"3":0,"4":0,"5":0,"6":0,"7":0,"8":0,"9":0,"10":0,"11":0,"12":0,"13":0,"14":0,"15":0,"16":0,"17":0,"18":0,"19":0,"20":0,"21":0,"22":0,"23":0,"24":0,"25":0,"26":0,"27":0,"28":0,"29":0,"30":0,"31":0,"32":0,"33":0,"34":0,"35":0,"36":0,"37":0,"38":0,"39":0,"40":0,"41":0,"42":0},"f":{"0":0,"1":0,"2":0,"3":0,"4":0,"5":0,"6":0,"7":0,"8":0,"9":0,"10":0,"11":0},"b":{"0":[0,0],"1":[0,0],"2":[0,0],"3":[0,0],"4":[0,0]}}
,"/home/sunil/Desktop/Builder/design/src/component/MemberPlanPreview.jsx": {"path":"/home/sunil/Desktop/Builder/design/src/component/MemberPlanPreview.jsx","statementMap":{"0":{"start":{"line":14,"column":4},"end":{"line":14,"column":12}},"1":{"start":{"line":17,"column":4},"end":{"line":22,"column":5}},"2":{"start":{"line":26,"column":16},"end":{"line":30,"column":3}},"3":{"start":{"line":27,"column":4},"end":{"line":29,"column":6}},"4":{"start":{"line":31,"column":15},"end":{"line":35,"column":3}},"5":{"start":{"line":32,"column":4},"end":{"line":34,"column":6}},"6":{"start":{"line":36,"column":17},"end":{"line":40,"column":3}},"7":{"start":{"line":37,"column":4},"end":{"line":39,"column":8}},"8":{"start":{"line":37,"column":34},"end":{"line":39,"column":5}},"9":{"start":{"line":44,"column":4},"end":{"line":44,"column":57}},"10":{"start":{"line":45,"column":4},"end":{"line":101,"column":6}},"11":{"start":{"line":105,"column":17},"end":{"line":289,"column":1}}},"fnMap":{"0":{"name":"(anonymous_0)","decl":{"start":{"line":13,"column":2},"end":{"line":13,"column":3}},"loc":{"start":{"line":13,"column":16},"end":{"line":24,"column":3}},"line":13},"1":{"name":"(anonymous_1)","decl":{"start":{"line":26,"column":16},"end":{"line":26,"column":17}},"loc":{"start":{"line":26,"column":22},"end":{"line":30,"column":3}},"line":26},"2":{"name":"(anonymous_2)","decl":{"start":{"line":31,"column":15},"end":{"line":31,"column":16}},"loc":{"start":{"line":31,"column":21},"end":{"line":35,"column":3}},"line":31},"3":{"name":"(anonymous_3)","decl":{"start":{"line":36,"column":17},"end":{"line":36,"column":18}},"loc":{"start":{"line":36,"column":28},"end":{"line":40,"column":3}},"line":36},"4":{"name":"(anonymous_4)","decl":{"start":{"line":37,"column":18},"end":{"line":37,"column":19}},"loc":{"start":{"line":37,"column":34},"end":{"line":39,"column":5}},"line":37},"5":{"name":"(anonymous_5)","decl":{"start":{"line":43,"column":2},"end":{"line":43,"column":3}},"loc":{"start":{"line":43,"column":11},"end":{"line":102,"column":3}},"line":43}},"branchMap":{},"s":{"0":0,"1":0,"2":0,"3":0,"4":0,"5":0,"6":0,"7":0,"8":0,"9":0,"10":0,"11":0},"f":{"0":0,"1":0,"2":0,"3":0,"4":0,"5":0},"b":{}}
,"/home/sunil/Desktop/Builder/design/src/component/Membership.jsx": {"path":"/home/sunil/Desktop/Builder/design/src/component/Membership.jsx","statementMap":{"0":{"start":{"line":9,"column":4},"end":{"line":72,"column":5}},"1":{"start":{"line":76,"column":17},"end":{"line":227,"column":1}}},"fnMap":{"0":{"name":"(anonymous_0)","decl":{"start":{"line":8,"column":2},"end":{"line":8,"column":3}},"loc":{"start":{"line":8,"column":11},"end":{"line":73,"column":3}},"line":8}},"branchMap":{},"s":{"0":0,"1":0},"f":{"0":0},"b":{}}
,"/home/sunil/Desktop/Builder/design/src/component/ModalPopup.jsx": {"path":"/home/sunil/Desktop/Builder/design/src/component/ModalPopup.jsx","statementMap":{"0":{"start":{"line":9,"column":4},"end":{"line":9,"column":12}},"1":{"start":{"line":10,"column":4},"end":{"line":16,"column":5}},"2":{"start":{"line":17,"column":4},"end":{"line":17,"column":32}},"3":{"start":{"line":19,"column":20},"end":{"line":23,"column":3}},"4":{"start":{"line":20,"column":4},"end":{"line":22,"column":6}},"5":{"start":{"line":24,"column":21},"end":{"line":28,"column":3}},"6":{"start":{"line":25,"column":4},"end":{"line":27,"column":6}},"7":{"start":{"line":29,"column":23},"end":{"line":31,"column":3}},"8":{"start":{"line":30,"column":4},"end":{"line":30,"column":35}},"9":{"start":{"line":32,"column":24},"end":{"line":38,"column":3}},"10":{"start":{"line":33,"column":4},"end":{"line":36,"column":6}},"11":{"start":{"line":39,"column":22},"end":{"line":43,"column":3}},"12":{"start":{"line":40,"column":4},"end":{"line":42,"column":6}},"13":{"start":{"line":49,"column":22},"end":{"line":59,"column":3}},"14":{"start":{"line":50,"column":17},"end":{"line":50,"column":38}},"15":{"start":{"line":52,"column":4},"end":{"line":58,"column":5}},"16":{"start":{"line":53,"column":21},"end":{"line":53,"column":46}},"17":{"start":{"line":54,"column":6},"end":{"line":57,"column":9}},"18":{"start":{"line":60,"column":20},"end":{"line":69,"column":3}},"19":{"start":{"line":61,"column":4},"end":{"line":68,"column":7}},"20":{"start":{"line":61,"column":34},"end":{"line":61,"column":69}},"21":{"start":{"line":62,"column":20},"end":{"line":62,"column":53}},"22":{"start":{"line":63,"column":6},"end":{"line":67,"column":7}},"23":{"start":{"line":64,"column":8},"end":{"line":64,"column":22}},"24":{"start":{"line":66,"column":8},"end":{"line":66,"column":23}},"25":{"start":{"line":72,"column":44},"end":{"line":72,"column":54}},"26":{"start":{"line":73,"column":4},"end":{"line":188,"column":5}},"27":{"start":{"line":192,"column":17},"end":{"line":415,"column":1}}},"fnMap":{"0":{"name":"(anonymous_0)","decl":{"start":{"line":8,"column":2},"end":{"line":8,"column":3}},"loc":{"start":{"line":8,"column":16},"end":{"line":18,"column":3}},"line":8},"1":{"name":"(anonymous_1)","decl":{"start":{"line":19,"column":20},"end":{"line":19,"column":21}},"loc":{"start":{"line":19,"column":26},"end":{"line":23,"column":3}},"line":19},"2":{"name":"(anonymous_2)","decl":{"start":{"line":24,"column":21},"end":{"line":24,"column":22}},"loc":{"start":{"line":24,"column":27},"end":{"line":28,"column":3}},"line":24},"3":{"name":"(anonymous_3)","decl":{"start":{"line":29,"column":23},"end":{"line":29,"column":24}},"loc":{"start":{"line":29,"column":29},"end":{"line":31,"column":3}},"line":29},"4":{"name":"(anonymous_4)","decl":{"start":{"line":32,"column":24},"end":{"line":32,"column":25}},"loc":{"start":{"line":32,"column":30},"end":{"line":38,"column":3}},"line":32},"5":{"name":"(anonymous_5)","decl":{"start":{"line":39,"column":22},"end":{"line":39,"column":23}},"loc":{"start":{"line":39,"column":28},"end":{"line":43,"column":3}},"line":39},"6":{"name":"(anonymous_6)","decl":{"start":{"line":49,"column":22},"end":{"line":49,"column":23}},"loc":{"start":{"line":49,"column":33},"end":{"line":59,"column":3}},"line":49},"7":{"name":"(anonymous_7)","decl":{"start":{"line":60,"column":20},"end":{"line":60,"column":21}},"loc":{"start":{"line":60,"column":26},"end":{"line":69,"column":3}},"line":60},"8":{"name":"(anonymous_8)","decl":{"start":{"line":61,"column":18},"end":{"line":61,"column":19}},"loc":{"start":{"line":61,"column":34},"end":{"line":61,"column":69}},"line":61},"9":{"name":"(anonymous_9)","decl":{"start":{"line":61,"column":72},"end":{"line":61,"column":73}},"loc":{"start":{"line":61,"column":78},"end":{"line":68,"column":5}},"line":61},"10":{"name":"(anonymous_10)","decl":{"start":{"line":71,"column":2},"end":{"line":71,"column":3}},"loc":{"start":{"line":71,"column":11},"end":{"line":189,"column":3}},"line":71}},"branchMap":{"0":{"loc":{"start":{"line":52,"column":4},"end":{"line":58,"column":5}},"type":"if","locations":[{"start":{"line":52,"column":4},"end":{"line":58,"column":5}},{"start":{},"end":{}}],"line":52},"1":{"loc":{"start":{"line":63,"column":6},"end":{"line":67,"column":7}},"type":"if","locations":[{"start":{"line":63,"column":6},"end":{"line":67,"column":7}},{"start":{"line":65,"column":13},"end":{"line":67,"column":7}}],"line":63},"2":{"loc":{"start":{"line":127,"column":9},"end":{"line":186,"column":9}},"type":"binary-expr","locations":[{"start":{"line":127,"column":9},"end":{"line":127,"column":37}},{"start":{"line":128,"column":10},"end":{"line":185,"column":18}}],"line":127},"3":{"loc":{"start":{"line":154,"column":19},"end":{"line":158,"column":19}},"type":"cond-expr","locations":[{"start":{"line":155,"column":20},"end":{"line":155,"column":76}},{"start":{"line":157,"column":20},"end":{"line":157,"column":80}}],"line":154},"4":{"loc":{"start":{"line":171,"column":17},"end":{"line":182,"column":17}},"type":"cond-expr","locations":[{"start":{"line":172,"column":18},"end":{"line":174,"column":27}},{"start":{"line":176,"column":18},"end":{"line":181,"column":21}}],"line":171}},"s":{"0":7,"1":7,"2":7,"3":7,"4":1,"5":7,"6":2,"7":7,"8":2,"9":7,"10":2,"11":7,"12":2,"13":7,"14":1,"15":1,"16":1,"17":1,"18":7,"19":4,"20":4,"21":4,"22":4,"23":3,"24":1,"25":28,"26":28,"27":1},"f":{"0":7,"1":1,"2":2,"3":2,"4":2,"5":2,"6":1,"7":4,"8":4,"9":4,"10":28},"b":{"0":[1,0],"1":[3,1],"2":[28,16],"3":[3,13],"4":[4,12]},"_coverageSchema":"1a1c01bbd47fc00a2c39e90264f33305004495a9","hash":"2d680aa41e1c4387e08513219454922f40fa9d4c"}
,"/home/sunil/Desktop/Builder/design/src/component/OnBording.jsx": {"path":"/home/sunil/Desktop/Builder/design/src/component/OnBording.jsx","statementMap":{"0":{"start":{"line":11,"column":4},"end":{"line":11,"column":17}},"1":{"start":{"line":12,"column":4},"end":{"line":15,"column":6}},"2":{"start":{"line":17,"column":23},"end":{"line":21,"column":3}},"3":{"start":{"line":18,"column":4},"end":{"line":20,"column":7}},"4":{"start":{"line":23,"column":4},"end":{"line":96,"column":5}},"5":{"start":{"line":100,"column":17},"end":{"line":272,"column":1}}},"fnMap":{"0":{"name":"(anonymous_0)","decl":{"start":{"line":10,"column":2},"end":{"line":10,"column":3}},"loc":{"start":{"line":10,"column":21},"end":{"line":16,"column":3}},"line":10},"1":{"name":"(anonymous_1)","decl":{"start":{"line":17,"column":23},"end":{"line":17,"column":24}},"loc":{"start":{"line":17,"column":34},"end":{"line":21,"column":3}},"line":17},"2":{"name":"(anonymous_2)","decl":{"start":{"line":22,"column":2},"end":{"line":22,"column":3}},"loc":{"start":{"line":22,"column":11},"end":{"line":97,"column":3}},"line":22}},"branchMap":{"0":{"loc":{"start":{"line":56,"column":28},"end":{"line":56,"column":112}},"type":"cond-expr","locations":[{"start":{"line":56,"column":67},"end":{"line":56,"column":87}},{"start":{"line":56,"column":90},"end":{"line":56,"column":112}}],"line":56},"1":{"loc":{"start":{"line":71,"column":28},"end":{"line":71,"column":112}},"type":"cond-expr","locations":[{"start":{"line":71,"column":67},"end":{"line":71,"column":87}},{"start":{"line":71,"column":90},"end":{"line":71,"column":112}}],"line":71}},"s":{"0":0,"1":0,"2":0,"3":0,"4":0,"5":0},"f":{"0":0,"1":0,"2":0},"b":{"0":[0,0],"1":[0,0]}}
,"/home/sunil/Desktop/Builder/design/src/component/Popup.jsx": {"path":"/home/sunil/Desktop/Builder/design/src/component/Popup.jsx","statementMap":{"0":{"start":{"line":9,"column":4},"end":{"line":9,"column":12}},"1":{"start":{"line":10,"column":4},"end":{"line":14,"column":5}},"2":{"start":{"line":15,"column":4},"end":{"line":15,"column":49}},"3":{"start":{"line":16,"column":4},"end":{"line":16,"column":51}},"4":{"start":{"line":19,"column":4},"end":{"line":21,"column":6}},"5":{"start":{"line":24,"column":4},"end":{"line":26,"column":6}},"6":{"start":{"line":29,"column":4},"end":{"line":31,"column":6}},"7":{"start":{"line":34,"column":4},"end":{"line":70,"column":5}},"8":{"start":{"line":74,"column":17},"end":{"line":166,"column":1}}},"fnMap":{"0":{"name":"(anonymous_0)","decl":{"start":{"line":8,"column":2},"end":{"line":8,"column":3}},"loc":{"start":{"line":8,"column":16},"end":{"line":17,"column":3}},"line":8},"1":{"name":"(anonymous_1)","decl":{"start":{"line":18,"column":2},"end":{"line":18,"column":3}},"loc":{"start":{"line":18,"column":15},"end":{"line":22,"column":3}},"line":18},"2":{"name":"(anonymous_2)","decl":{"start":{"line":23,"column":2},"end":{"line":23,"column":3}},"loc":{"start":{"line":23,"column":16},"end":{"line":27,"column":3}},"line":23},"3":{"name":"(anonymous_3)","decl":{"start":{"line":28,"column":2},"end":{"line":28,"column":3}},"loc":{"start":{"line":28,"column":23},"end":{"line":32,"column":3}},"line":28},"4":{"name":"(anonymous_4)","decl":{"start":{"line":33,"column":2},"end":{"line":33,"column":3}},"loc":{"start":{"line":33,"column":11},"end":{"line":71,"column":3}},"line":33}},"branchMap":{},"s":{"0":0,"1":0,"2":0,"3":0,"4":0,"5":0,"6":0,"7":0,"8":0},"f":{"0":0,"1":0,"2":0,"3":0,"4":0},"b":{}}
,"/home/sunil/Desktop/Builder/design/src/component/PopupTwo.jsx": {"path":"/home/sunil/Desktop/Builder/design/src/component/PopupTwo.jsx","statementMap":{"0":{"start":{"line":11,"column":4},"end":{"line":11,"column":12}},"1":{"start":{"line":12,"column":4},"end":{"line":16,"column":5}},"2":{"start":{"line":18,"column":4},"end":{"line":18,"column":49}},"3":{"start":{"line":19,"column":4},"end":{"line":19,"column":51}},"4":{"start":{"line":22,"column":4},"end":{"line":24,"column":6}},"5":{"start":{"line":27,"column":4},"end":{"line":29,"column":6}},"6":{"start":{"line":31,"column":20},"end":{"line":42,"column":3}},"7":{"start":{"line":32,"column":4},"end":{"line":41,"column":7}},"8":{"start":{"line":32,"column":34},"end":{"line":32,"column":69}},"9":{"start":{"line":33,"column":20},"end":{"line":33,"column":53}},"10":{"start":{"line":34,"column":6},"end":{"line":40,"column":7}},"11":{"start":{"line":35,"column":8},"end":{"line":35,"column":21}},"12":{"start":{"line":36,"column":8},"end":{"line":36,"column":50}},"13":{"start":{"line":38,"column":8},"end":{"line":38,"column":22}},"14":{"start":{"line":39,"column":8},"end":{"line":39,"column":51}},"15":{"start":{"line":43,"column":22},"end":{"line":47,"column":3}},"16":{"start":{"line":44,"column":4},"end":{"line":46,"column":6}},"17":{"start":{"line":48,"column":27},"end":{"line":52,"column":3}},"18":{"start":{"line":49,"column":4},"end":{"line":51,"column":6}},"19":{"start":{"line":55,"column":36},"end":{"line":55,"column":46}},"20":{"start":{"line":56,"column":4},"end":{"line":111,"column":5}},"21":{"start":{"line":115,"column":17},"end":{"line":231,"column":1}}},"fnMap":{"0":{"name":"(anonymous_0)","decl":{"start":{"line":10,"column":2},"end":{"line":10,"column":3}},"loc":{"start":{"line":10,"column":16},"end":{"line":20,"column":3}},"line":10},"1":{"name":"(anonymous_1)","decl":{"start":{"line":21,"column":2},"end":{"line":21,"column":3}},"loc":{"start":{"line":21,"column":15},"end":{"line":25,"column":3}},"line":21},"2":{"name":"(anonymous_2)","decl":{"start":{"line":26,"column":2},"end":{"line":26,"column":3}},"loc":{"start":{"line":26,"column":16},"end":{"line":30,"column":3}},"line":26},"3":{"name":"(anonymous_3)","decl":{"start":{"line":31,"column":20},"end":{"line":31,"column":21}},"loc":{"start":{"line":31,"column":26},"end":{"line":42,"column":3}},"line":31},"4":{"name":"(anonymous_4)","decl":{"start":{"line":32,"column":18},"end":{"line":32,"column":19}},"loc":{"start":{"line":32,"column":34},"end":{"line":32,"column":69}},"line":32},"5":{"name":"(anonymous_5)","decl":{"start":{"line":32,"column":72},"end":{"line":32,"column":73}},"loc":{"start":{"line":32,"column":78},"end":{"line":41,"column":5}},"line":32},"6":{"name":"(anonymous_6)","decl":{"start":{"line":43,"column":22},"end":{"line":43,"column":23}},"loc":{"start":{"line":43,"column":28},"end":{"line":47,"column":3}},"line":43},"7":{"name":"(anonymous_7)","decl":{"start":{"line":48,"column":27},"end":{"line":48,"column":28}},"loc":{"start":{"line":48,"column":33},"end":{"line":52,"column":3}},"line":48},"8":{"name":"(anonymous_8)","decl":{"start":{"line":54,"column":2},"end":{"line":54,"column":3}},"loc":{"start":{"line":54,"column":11},"end":{"line":112,"column":3}},"line":54}},"branchMap":{"0":{"loc":{"start":{"line":34,"column":6},"end":{"line":40,"column":7}},"type":"if","locations":[{"start":{"line":34,"column":6},"end":{"line":40,"column":7}},{"start":{"line":37,"column":13},"end":{"line":40,"column":7}}],"line":34},"1":{"loc":{"start":{"line":79,"column":15},"end":{"line":83,"column":15}},"type":"cond-expr","locations":[{"start":{"line":80,"column":16},"end":{"line":80,"column":72}},{"start":{"line":82,"column":16},"end":{"line":82,"column":76}}],"line":79},"2":{"loc":{"start":{"line":96,"column":13},"end":{"line":107,"column":13}},"type":"cond-expr","locations":[{"start":{"line":97,"column":14},"end":{"line":99,"column":23}},{"start":{"line":101,"column":14},"end":{"line":106,"column":17}}],"line":96}},"s":{"0":0,"1":0,"2":0,"3":0,"4":0,"5":0,"6":0,"7":0,"8":0,"9":0,"10":0,"11":0,"12":0,"13":0,"14":0,"15":0,"16":0,"17":0,"18":0,"19":0,"20":0,"21":0},"f":{"0":0,"1":0,"2":0,"3":0,"4":0,"5":0,"6":0,"7":0,"8":0},"b":{"0":[0,0],"1":[0,0],"2":[0,0]}}
,"/home/sunil/Desktop/Builder/design/src/component/UploadVideo.jsx": {"path":"/home/sunil/Desktop/Builder/design/src/component/UploadVideo.jsx","statementMap":{"0":{"start":{"line":7,"column":4},"end":{"line":7,"column":17}},"1":{"start":{"line":9,"column":4},"end":{"line":9,"column":38}},"2":{"start":{"line":10,"column":4},"end":{"line":13,"column":6}},"3":{"start":{"line":14,"column":4},"end":{"line":14,"column":59}},"4":{"start":{"line":15,"column":4},"end":{"line":15,"column":51}},"5":{"start":{"line":18,"column":4},"end":{"line":20,"column":6}},"6":{"start":{"line":23,"column":4},"end":{"line":25,"column":6}},"7":{"start":{"line":27,"column":21},"end":{"line":31,"column":3}},"8":{"start":{"line":28,"column":17},"end":{"line":28,"column":38}},"9":{"start":{"line":29,"column":16},"end":{"line":29,"column":41}},"10":{"start":{"line":30,"column":4},"end":{"line":30,"column":35}},"11":{"start":{"line":32,"column":17},"end":{"line":34,"column":3}},"12":{"start":{"line":33,"column":4},"end":{"line":33,"column":34}},"13":{"start":{"line":40,"column":4},"end":{"line":90,"column":6}}},"fnMap":{"0":{"name":"(anonymous_0)","decl":{"start":{"line":6,"column":2},"end":{"line":6,"column":3}},"loc":{"start":{"line":6,"column":21},"end":{"line":16,"column":3}},"line":6},"1":{"name":"(anonymous_1)","decl":{"start":{"line":17,"column":2},"end":{"line":17,"column":3}},"loc":{"start":{"line":17,"column":20},"end":{"line":21,"column":3}},"line":17},"2":{"name":"(anonymous_2)","decl":{"start":{"line":22,"column":2},"end":{"line":22,"column":3}},"loc":{"start":{"line":22,"column":16},"end":{"line":26,"column":3}},"line":22},"3":{"name":"(anonymous_3)","decl":{"start":{"line":27,"column":21},"end":{"line":27,"column":22}},"loc":{"start":{"line":27,"column":32},"end":{"line":31,"column":3}},"line":27},"4":{"name":"(anonymous_4)","decl":{"start":{"line":32,"column":17},"end":{"line":32,"column":18}},"loc":{"start":{"line":32,"column":28},"end":{"line":34,"column":3}},"line":32},"5":{"name":"(anonymous_5)","decl":{"start":{"line":36,"column":2},"end":{"line":36,"column":3}},"loc":{"start":{"line":36,"column":11},"end":{"line":91,"column":3}},"line":36}},"branchMap":{},"s":{"0":0,"1":0,"2":0,"3":0,"4":0,"5":0,"6":0,"7":0,"8":0,"9":0,"10":0,"11":0,"12":0,"13":0},"f":{"0":0,"1":0,"2":0,"3":0,"4":0,"5":0},"b":{}}
}
