TN:
SF:src/App.js
FN:14,App
FNF:1
FNH:0
FNDA:0,App
DA:15,0
LF:1
LH:0
BRF:0
BRH:0
end_of_record
TN:
SF:src/index.js
FNF:0
FNH:0
DA:7,0
DA:8,0
DA:14,0
LF:3
LH:0
BRF:0
BRH:0
end_of_record
TN:
SF:src/reportWebVitals.js
FN:1,(anonymous_0)
FN:3,(anonymous_1)
FNF:2
FNH:0
FNDA:0,(anonymous_0)
FNDA:0,(anonymous_1)
DA:1,0
DA:2,0
DA:3,0
DA:4,0
DA:5,0
DA:6,0
DA:7,0
DA:8,0
LF:8
LH:0
BRDA:2,0,0,0
BRDA:2,0,1,0
BRDA:2,1,0,0
BRDA:2,1,1,0
BRF:4
BRH:0
end_of_record
TN:
SF:src/component/ArshandTable.jsx
FN:72,createData
FN:95,StickyHeadTable
FN:102,(anonymous_2)
FN:115,(anonymous_3)
FN:118,(anonymous_4)
FNF:5
FNH:0
FNDA:0,createData
FNDA:0,StickyHeadTable
FNDA:0,(anonymous_2)
FNDA:0,(anonymous_3)
FNDA:0,(anonymous_4)
DA:55,0
DA:73,0
DA:74,0
DA:76,0
DA:96,0
DA:103,0
DA:116,0
DA:119,0
DA:120,0
LF:9
LH:0
BRDA:122,0,0,0
BRDA:122,0,1,0
BRDA:122,1,0,0
BRDA:122,1,1,0
BRF:4
BRH:0
end_of_record
TN:
SF:src/component/DragAndDrop.jsx
FN:6,(anonymous_0)
FN:16,(anonymous_1)
FN:22,(anonymous_2)
FN:29,(anonymous_3)
FN:34,(anonymous_4)
FN:38,(anonymous_5)
FN:41,(anonymous_6)
FN:46,(anonymous_7)
FN:52,(anonymous_8)
FN:61,(anonymous_9)
FN:71,(anonymous_10)
FNF:11
FNH:0
FNDA:0,(anonymous_0)
FNDA:0,(anonymous_1)
FNDA:0,(anonymous_2)
FNDA:0,(anonymous_3)
FNDA:0,(anonymous_4)
FNDA:0,(anonymous_5)
FNDA:0,(anonymous_6)
FNDA:0,(anonymous_7)
FNDA:0,(anonymous_8)
FNDA:0,(anonymous_9)
FNDA:0,(anonymous_10)
DA:7,0
DA:8,0
DA:16,0
DA:17,0
DA:18,0
DA:19,0
DA:22,0
DA:23,0
DA:24,0
DA:26,0
DA:29,0
DA:30,0
DA:31,0
DA:34,0
DA:35,0
DA:36,0
DA:38,0
DA:39,0
DA:41,0
DA:42,0
DA:43,0
DA:44,0
DA:46,0
DA:48,0
DA:49,0
DA:50,0
DA:52,0
DA:54,0
DA:56,0
DA:57,0
DA:58,0
DA:61,0
DA:62,0
DA:63,0
DA:64,0
DA:65,0
DA:66,0
DA:68,0
DA:72,0
LF:39
LH:0
BRDA:23,0,0,0
BRDA:23,0,1,0
BRDA:23,1,0,0
BRDA:23,1,1,0
BRDA:64,2,0,0
BRDA:64,2,1,0
BRDA:64,3,0,0
BRDA:64,3,1,0
BRDA:80,4,0,0
BRDA:80,4,1,0
BRDA:80,4,2,0
BRDA:80,4,3,0
BRDA:84,5,0,0
BRDA:84,5,1,0
BRF:14
BRH:0
end_of_record
TN:
SF:src/component/DragDrop.jsx
FN:20,(anonymous_0)
FN:31,(anonymous_1)
FN:37,(anonymous_2)
FN:43,(anonymous_3)
FN:49,(anonymous_4)
FN:58,(anonymous_5)
FN:60,(anonymous_6)
FN:69,(anonymous_7)
FN:75,(anonymous_8)
FN:85,(anonymous_9)
FN:90,(anonymous_10)
FN:96,(anonymous_11)
FNF:12
FNH:0
FNDA:0,(anonymous_0)
FNDA:0,(anonymous_1)
FNDA:0,(anonymous_2)
FNDA:0,(anonymous_3)
FNDA:0,(anonymous_4)
FNDA:0,(anonymous_5)
FNDA:0,(anonymous_6)
FNDA:0,(anonymous_7)
FNDA:0,(anonymous_8)
FNDA:0,(anonymous_9)
FNDA:0,(anonymous_10)
FNDA:0,(anonymous_11)
DA:7,0
DA:21,0
DA:23,0
DA:24,0
DA:31,0
DA:32,0
DA:33,0
DA:37,0
DA:38,0
DA:39,0
DA:43,0
DA:44,0
DA:45,0
DA:49,0
DA:50,0
DA:51,0
DA:54,0
DA:55,0
DA:56,0
DA:58,0
DA:59,0
DA:60,0
DA:61,0
DA:65,0
DA:66,0
DA:69,0
DA:70,0
DA:71,0
DA:72,0
DA:73,0
DA:75,0
DA:76,0
DA:77,0
DA:78,0
DA:79,0
DA:85,0
DA:86,0
DA:87,0
DA:90,0
DA:91,0
DA:97,0
DA:98,0
LF:42
LH:0
BRDA:65,0,0,0
BRDA:65,0,1,0
BRDA:86,1,0,0
BRDA:86,1,1,0
BRDA:106,2,0,0
BRDA:106,2,1,0
BRDA:110,3,0,0
BRDA:110,3,1,0
BRDA:121,4,0,0
BRDA:121,4,1,0
BRF:10
BRH:0
end_of_record
TN:
SF:src/component/MemberPlanPreview.jsx
FN:13,(anonymous_0)
FN:26,(anonymous_1)
FN:31,(anonymous_2)
FN:36,(anonymous_3)
FN:37,(anonymous_4)
FN:43,(anonymous_5)
FNF:6
FNH:0
FNDA:0,(anonymous_0)
FNDA:0,(anonymous_1)
FNDA:0,(anonymous_2)
FNDA:0,(anonymous_3)
FNDA:0,(anonymous_4)
FNDA:0,(anonymous_5)
DA:14,0
DA:17,0
DA:26,0
DA:27,0
DA:31,0
DA:32,0
DA:36,0
DA:37,0
DA:44,0
DA:45,0
DA:105,0
LF:11
LH:0
BRF:0
BRH:0
end_of_record
TN:
SF:src/component/Membership.jsx
FN:8,(anonymous_0)
FNF:1
FNH:0
FNDA:0,(anonymous_0)
DA:9,0
DA:76,0
LF:2
LH:0
BRF:0
BRH:0
end_of_record
TN:
SF:src/component/ModalPopup.jsx
FN:8,(anonymous_0)
FN:19,(anonymous_1)
FN:24,(anonymous_2)
FN:29,(anonymous_3)
FN:32,(anonymous_4)
FN:39,(anonymous_5)
FN:49,(anonymous_6)
FN:60,(anonymous_7)
FN:61,(anonymous_8)
FN:61,(anonymous_9)
FN:71,(anonymous_10)
FNF:11
FNH:11
FNDA:7,(anonymous_0)
FNDA:1,(anonymous_1)
FNDA:2,(anonymous_2)
FNDA:2,(anonymous_3)
FNDA:2,(anonymous_4)
FNDA:2,(anonymous_5)
FNDA:1,(anonymous_6)
FNDA:4,(anonymous_7)
FNDA:4,(anonymous_8)
FNDA:4,(anonymous_9)
FNDA:28,(anonymous_10)
DA:9,7
DA:10,7
DA:17,7
DA:19,7
DA:20,1
DA:24,7
DA:25,2
DA:29,7
DA:30,2
DA:32,7
DA:33,2
DA:39,7
DA:40,2
DA:49,7
DA:50,1
DA:52,1
DA:53,1
DA:54,1
DA:60,7
DA:61,4
DA:62,4
DA:63,4
DA:64,3
DA:66,1
DA:72,28
DA:73,28
DA:192,1
LF:27
LH:27
BRDA:52,0,0,1
BRDA:52,0,1,0
BRDA:63,1,0,3
BRDA:63,1,1,1
BRDA:127,2,0,28
BRDA:127,2,1,16
BRDA:154,3,0,3
BRDA:154,3,1,13
BRDA:171,4,0,4
BRDA:171,4,1,12
BRF:10
BRH:9
end_of_record
TN:
SF:src/component/OnBording.jsx
FN:10,(anonymous_0)
FN:17,(anonymous_1)
FN:22,(anonymous_2)
FNF:3
FNH:0
FNDA:0,(anonymous_0)
FNDA:0,(anonymous_1)
FNDA:0,(anonymous_2)
DA:11,0
DA:12,0
DA:17,0
DA:18,0
DA:23,0
DA:100,0
LF:6
LH:0
BRDA:56,0,0,0
BRDA:56,0,1,0
BRDA:71,1,0,0
BRDA:71,1,1,0
BRF:4
BRH:0
end_of_record
TN:
SF:src/component/Popup.jsx
FN:8,(anonymous_0)
FN:18,(anonymous_1)
FN:23,(anonymous_2)
FN:28,(anonymous_3)
FN:33,(anonymous_4)
FNF:5
FNH:0
FNDA:0,(anonymous_0)
FNDA:0,(anonymous_1)
FNDA:0,(anonymous_2)
FNDA:0,(anonymous_3)
FNDA:0,(anonymous_4)
DA:9,0
DA:10,0
DA:15,0
DA:16,0
DA:19,0
DA:24,0
DA:29,0
DA:34,0
DA:74,0
LF:9
LH:0
BRF:0
BRH:0
end_of_record
TN:
SF:src/component/PopupTwo.jsx
FN:10,(anonymous_0)
FN:21,(anonymous_1)
FN:26,(anonymous_2)
FN:31,(anonymous_3)
FN:32,(anonymous_4)
FN:32,(anonymous_5)
FN:43,(anonymous_6)
FN:48,(anonymous_7)
FN:54,(anonymous_8)
FNF:9
FNH:0
FNDA:0,(anonymous_0)
FNDA:0,(anonymous_1)
FNDA:0,(anonymous_2)
FNDA:0,(anonymous_3)
FNDA:0,(anonymous_4)
FNDA:0,(anonymous_5)
FNDA:0,(anonymous_6)
FNDA:0,(anonymous_7)
FNDA:0,(anonymous_8)
DA:11,0
DA:12,0
DA:18,0
DA:19,0
DA:22,0
DA:27,0
DA:31,0
DA:32,0
DA:33,0
DA:34,0
DA:35,0
DA:36,0
DA:38,0
DA:39,0
DA:43,0
DA:44,0
DA:48,0
DA:49,0
DA:55,0
DA:56,0
DA:115,0
LF:21
LH:0
BRDA:34,0,0,0
BRDA:34,0,1,0
BRDA:79,1,0,0
BRDA:79,1,1,0
BRDA:96,2,0,0
BRDA:96,2,1,0
BRF:6
BRH:0
end_of_record
TN:
SF:src/component/UploadVideo.jsx
FN:6,(anonymous_0)
FN:17,(anonymous_1)
FN:22,(anonymous_2)
FN:27,(anonymous_3)
FN:32,(anonymous_4)
FN:36,(anonymous_5)
FNF:6
FNH:0
FNDA:0,(anonymous_0)
FNDA:0,(anonymous_1)
FNDA:0,(anonymous_2)
FNDA:0,(anonymous_3)
FNDA:0,(anonymous_4)
FNDA:0,(anonymous_5)
DA:7,0
DA:9,0
DA:10,0
DA:14,0
DA:15,0
DA:18,0
DA:23,0
DA:27,0
DA:28,0
DA:29,0
DA:30,0
DA:32,0
DA:33,0
DA:40,0
LF:14
LH:0
BRF:0
BRH:0
end_of_record
